C51 COMPILER V9.51   RTC                                                                   05/30/2019 11:13:44 PAGE 1   


C51 COMPILER V9.51, COMPILATION OF MODULE RTC
OBJECT MODULE PLACED IN .\hex\rtc.obj
COMPILER INVOKED BY: C:\Keil\C51\BIN\C51.EXE Library\Sources\rtc.c OMF2 OPTIMIZE(9,SIZE) BROWSE DEBUG PRINT(.\lst\rtc.ls
                    -t) TABS(2) OBJECT(.\hex\rtc.obj)

line level    source

   1          #ifndef _RTC_C_
   2          #define _RTC_C_
   3          /*********************************************************************************************************
             -************/
   4          #include "ca51f_config.h"
   5          #include "includes\ca51f3sfr.h"
   6          #include "includes\ca51f3xsfr.h"
   7          #include "includes\gpiodef_f3.h"
   8          
   9          #include "includes\system.h"
  10          #include "Library\includes\rtc.h"
  11          #include "Library\includes\delay.h"
  12          #include <intrins.h>
  13          /*********************************************************************************************************
             -************/
  14          /***********************************************************************************
  15          函数名：    RTC_init
  16          功能说明： 初始化RTC控制寄存器
  17          输入参数： rtce   RTC功能模块使能控制
  18                      mse   RTC毫秒中断使能控制
  19                      hse   RTC半秒中断使能控制
  20          返回值：  无
  21          ***********************************************************************************/                                            
             -            
  22          void RTC_init(RTCE_TypeDef rtce,MSE_TypeDef mse,HSE_TypeDef hse)
  23          { 
  24   1        RTCON = (RTCON & 0x1F) | RTCE(rtce) | MSE(mse) | HSE(hse);
  25   1      }
  26          /***********************************************************************************
  27          函数名：    RTC_WriteSecond
  28          功能说明： RTC写入秒值
  29          输入参数： second   秒值
  30          返回值：    无
  31          ***********************************************************************************/  
  32          void RTC_WriteSecond(unsigned char second) //second = 0~59
  33          {
  34   1        RTCON |= RTCWE(1);
  35   1        RTCS = second;
  36   1        Delay_50us(1);
  37   1        RTCON &= ~RTCWE(1);   
  38   1      }
  39          
  40          /***********************************************************************************
  41          函数名：    RTC_WriteMinute
  42          功能说明： RTC写入分值
  43          输入参数： minute   分值
  44          返回值：    无
  45          ***********************************************************************************/  
  46          void RTC_WriteMinute(unsigned char minute) //minute = 0~59
  47          {
  48   1        RTCON |= RTCWE(1);
  49   1        RTCM = minute;
  50   1        Delay_50us(1);
  51   1        RTCON &= ~RTCWE(1);
C51 COMPILER V9.51   RTC                                                                   05/30/2019 11:13:44 PAGE 2   

  52   1      }
  53          
  54          
  55          /***********************************************************************************
  56          函数名：    RTC_WriteHour
  57          功能说明： RTC写入小时
  58          输入参数： hour   小时值
  59          返回值：    无
  60          ***********************************************************************************/
  61          void RTC_WriteHour(unsigned char hour)  //hour = 0~23
  62          {
  63   1        RTCON |= RTCWE(1);
  64   1        RTCH = (RTCH&0xE0)|hour;
  65   1        Delay_50us(1);
  66   1        RTCON &= ~RTCWE(1);   
  67   1      }
  68          
  69          
  70          /***********************************************************************************
  71          函数名：    RTC_WriteWeek
  72          功能说明： RTC写入星期
  73          输入参数： week   星期值
  74          返回值：    无
  75          ***********************************************************************************/
  76          void RTC_WriteWeek(unsigned char week) //hour = 1~7代表星期一~星期天
  77          {
  78   1        RTCON |= RTCWE(1);
  79   1        RTCH = (RTCH&0x1F)|(week<<5);
  80   1        Delay_50us(1);
  81   1        RTCON &= ~RTCWE(1);   
  82   1      }
  83          
  84          
  85          /***********************************************************************************
  86          函数名：    RTC_AlarmCfg
  87          功能说明： 配置RTC ALARM功能寄存器位
  88          输入参数： hce    小时比较使能控制
  89                      mce   分钟比较使能控制
  90                      sce   秒比较使能控制
  91          返回值：    无
  92          ***********************************************************************************/
  93          void RTC_AlarmCfg(HCE_TypeDef hce,MCE_TypeDef mce,SCE_TypeDef sce)
  94          { 
  95   1        RTCON = (RTCON & 0xE3) | HCE(hce) | MCE(mce) | SCE(sce);
  96   1      }
  97          
  98          /***********************************************************************************
  99          函数名：    RTC_SetAlaramTime
 100          功能说明：  设置RTC ALARM时间
 101          输入参数：  al_hr   闹钟小时值
 102                      al_min    闹钟分钟值
 103                      al_sec    闹钟秒值
 104          返回值：    无
 105          ***********************************************************************************/
 106          void RTC_SetAlaramTime(unsigned char al_hr,unsigned char al_min,unsigned char al_sec)
 107          {
 108   1        RTAH  = al_hr;
 109   1        RTAM  = al_min;
 110   1        RTAS  = al_sec;
 111   1      }
 112          #endif
 113          /***********************************************************************************
C51 COMPILER V9.51   RTC                                                                   05/30/2019 11:13:44 PAGE 3   

 114          函数名：    RTC_SetRTMSS
 115          功能说明：  设置毫秒中断间隔
 116          输入参数：  rtmss   
 117          返回值：    无
 118          ***********************************************************************************/
 119          void RTC_SetRTMSS(unsigned char rtmss)
 120          {
 121   1        RTMSS = rtmss;
 122   1      }
 123          /*********************************************************************************************************
             -************/


MODULE INFORMATION:   STATIC OVERLAYABLE
   CODE SIZE        =    149    ----
   CONSTANT SIZE    =   ----    ----
   XDATA SIZE       =   ----    ----
   PDATA SIZE       =   ----    ----
   DATA SIZE        =   ----    ----
   IDATA SIZE       =   ----    ----
   BIT SIZE         =   ----    ----
   EDATA SIZE       =   ----    ----
   HDATA SIZE       =   ----    ----
   XDATA CONST SIZE =   ----    ----
   FAR CONST SIZE   =   ----    ----
END OF MODULE INFORMATION.


C51 COMPILATION COMPLETE.  0 WARNING(S),  0 ERROR(S)
