C51 COMPILER V9.51   RTC                                                                   05/17/2019 10:28:04 PAGE 1   


C51 COMPILER V9.51, COMPILATION OF MODULE RTC
OBJECT MODULE PLACED IN .\output\rtc.obj
COMPILER INVOKED BY: C:\Keil\C51\BIN\C51.EXE source\rtc.c OMF2 BROWSE DEBUG PRINT(.\lst\rtc.lst) TABS(2) OBJECT(.\output
                    -\rtc.obj)

line level    source

   1          #ifndef _RTC_C_
   2          #define _RTC_C_
   3          /*********************************************************************************************************
             -************/
   4          #include "include/ca51f_config.h"   
   5          #include "include/ca51f3sfr.h"
   6          #include "include/ca51f3xsfr.h"
   7          #include "include/gpiodef_f3.h"
   8          #include "include/system_clock.h"
   9          
  10          #include "include/uart.h"
  11          #include "include/delay.h"
  12          #include "include/rtc.h"
  13          #include <intrins.h>
  14          /*********************************************************************************************************
             -************/
  15          /***********************************************************************************
  16          函数名：    RTC_WriteSecond
  17          功能说明：  RTC写入秒值
  18          输入参数：  second    秒值
  19          返回值：    无
  20          ***********************************************************************************/  
  21          void RTC_WriteSecond(unsigned char second) //second = 0~59
  22          {
  23   1        if(second > 59) return;
  24   1        RTCON |= RTCWE(1);
  25   1        RTCS = second;
  26   1        Delay_50us(1);
  27   1        RTCON &= ~RTCWE(1);   
  28   1      }
  29          /***********************************************************************************/
  30          
  31          
  32          
  33          /***********************************************************************************
  34          函数名：    RTC_WriteMinute
  35          功能说明：  RTC写入分值
  36          输入参数：  minute    分值
  37          返回值：    无
  38          ***********************************************************************************/  
  39          void RTC_WriteMinute(unsigned char minute) //minute = 0~59
  40          {
  41   1        if(minute > 59) return;
  42   1        RTCON |= RTCWE(1);
  43   1        RTCM = minute;
  44   1        Delay_50us(1);
  45   1        RTCON &= ~RTCWE(1);
  46   1      }
  47          /***********************************************************************************/
  48          
  49          
  50          
  51          /***********************************************************************************
  52          函数名：    RTC_WriteHour
C51 COMPILER V9.51   RTC                                                                   05/17/2019 10:28:04 PAGE 2   

  53          功能说明：  RTC写入小时
  54          输入参数：  hour    小时值
  55          返回值：    无
  56          ***********************************************************************************/
  57          void RTC_WriteHour(unsigned char hour)  //hour = 0~23
  58          {
  59   1        if(hour > 23) return;
  60   1        RTCON |= RTCWE(1);
  61   1        RTCH = (RTCH&0xE0)|hour;
  62   1        Delay_50us(1);
  63   1        RTCON &= ~RTCWE(1);   
  64   1      }
  65          /***********************************************************************************/
  66          
  67          
  68          
  69          /***********************************************************************************
  70          函数名：    RTC_WriteWeek
  71          功能说明：  RTC写入星期
  72          输入参数：  week    星期值
  73          返回值：    无
  74          ***********************************************************************************/
  75          void RTC_WriteWeek(unsigned char week) //hour = 1~7代表星期一~星期天, 如果week = 0， 表示关闭星期计数功能
  76          {
  77   1        if(week > 7) return;
  78   1        RTCON |= RTCWE(1);
  79   1        RTCH = (RTCH&0x1F)|(week<<5);
  80   1        Delay_50us(1);
  81   1        RTCON &= ~RTCWE(1);   
  82   1      }
  83          /***********************************************************************************/
  84          
  85          /*********************************************************************************************************
             -************/
  86          #endif


MODULE INFORMATION:   STATIC OVERLAYABLE
   CODE SIZE        =    104    ----
   CONSTANT SIZE    =   ----    ----
   XDATA SIZE       =   ----    ----
   PDATA SIZE       =   ----    ----
   DATA SIZE        =   ----    ----
   IDATA SIZE       =   ----    ----
   BIT SIZE         =   ----    ----
   EDATA SIZE       =   ----    ----
   HDATA SIZE       =   ----    ----
   XDATA CONST SIZE =   ----    ----
   FAR CONST SIZE   =   ----    ----
END OF MODULE INFORMATION.


C51 COMPILATION COMPLETE.  0 WARNING(S),  0 ERROR(S)
